s:\malwaredeveloped\s12urootkit\usermoder00tkit\usermoder00tkit\x64\release\vc143.pdb
s:\malwaredeveloped\s12urootkit\usermoder00tkit\usermoder00tkit\x64\release\usermoder00tkit.obj
s:\malwaredeveloped\s12urootkit\usermoder00tkit\usermoder00tkit\x64\release\usermoder00tkit.res
s:\malwaredeveloped\s12urootkit\usermoder00tkit\usermoder00tkit\x64\release\usermoder00tkit.ipdb
s:\malwaredeveloped\s12urootkit\usermoder00tkit\usermoder00tkit\x64\release\usermoder00tkit.iobj
s:\malwaredeveloped\s12urootkit\usermoder00tkit\x64\release\usermoder00tkit.pdb
s:\malwaredeveloped\s12urootkit\usermoder00tkit\x64\release\usermoder00tkit.exe
s:\malwaredeveloped\s12urootkit\usermoder00tkit\usermoder00tkit\x64\release\usermoder00tkit.tlog\link.read.1.tlog
s:\malwaredeveloped\s12urootkit\usermoder00tkit\usermoder00tkit\x64\release\usermoder00tkit.tlog\cl.read.1.tlog
s:\malwaredeveloped\s12urootkit\usermoder00tkit\usermoder00tkit\x64\release\usermoder00tkit.tlog\link-rc.read.1.tlog
s:\malwaredeveloped\s12urootkit\usermoder00tkit\usermoder00tkit\x64\release\usermoder00tkit.tlog\link.command.1.tlog
s:\malwaredeveloped\s12urootkit\usermoder00tkit\usermoder00tkit\x64\release\usermoder00tkit.tlog\link-rc.write.1.tlog
s:\malwaredeveloped\s12urootkit\usermoder00tkit\usermoder00tkit\x64\release\usermoder00tkit.tlog\rc.read.1.tlog
s:\malwaredeveloped\s12urootkit\usermoder00tkit\usermoder00tkit\x64\release\usermoder00tkit.tlog\rc.command.1.tlog
s:\malwaredeveloped\s12urootkit\usermoder00tkit\usermoder00tkit\x64\release\usermoder00tkit.tlog\cl.command.1.tlog
s:\malwaredeveloped\s12urootkit\usermoder00tkit\usermoder00tkit\x64\release\usermoder00tkit.tlog\link.write.1.tlog
s:\malwaredeveloped\s12urootkit\usermoder00tkit\usermoder00tkit\x64\release\usermoder00tkit.tlog\link-cvtres.read.1.tlog
s:\malwaredeveloped\s12urootkit\usermoder00tkit\usermoder00tkit\x64\release\usermoder00tkit.tlog\link-cvtres.write.1.tlog
s:\malwaredeveloped\s12urootkit\usermoder00tkit\usermoder00tkit\x64\release\usermoder00tkit.tlog\link.read.10.tlog
s:\malwaredeveloped\s12urootkit\usermoder00tkit\usermoder00tkit\x64\release\usermoder00tkit.tlog\cl.write.1.tlog
s:\malwaredeveloped\s12urootkit\usermoder00tkit\usermoder00tkit\x64\release\usermoder00tkit.tlog\rc.write.1.tlog
